<?xml version="1.0" encoding="UTF-8"?>
<!-- Generated by org.testng.reporters.JUnitReportReporter -->
<testsuite skipped="0" hostname="DESKTOP-0U9LDQ4" name="NewTest" tests="1" failures="0" timestamp="21 Jun 2020 07:19:10 GMT" time="0.016" errors="0">
  <testcase name="f" time="0.016" classname="NewTest"/>
</testsuite> <!-- NewTest -->
