<?xml version="1.0" encoding="UTF-8"?>
<!-- Generated by org.testng.reporters.JUnitReportReporter -->
<testsuite skipped="0" hostname="DESKTOP-0U9LDQ4" name="practiceTests.NewTest" tests="3" failures="0" timestamp="23 May 2021 13:16:41 GMT" time="0.023" errors="0">
  <testcase name="f1" time="0.017" classname="practiceTests.NewTest"/>
  <testcase name="f3" time="0.003" classname="practiceTests.NewTest"/>
  <testcase name="f2" time="0.003" classname="practiceTests.NewTest"/>
</testsuite> <!-- practiceTests.NewTest -->
